[+] Containers:
 |- [+] Container: /Game/ThirdPerson/Maps/ThirdPersonMap
 |   |- [+] ActorDescs:
 |   |   |- Guid:0695BA48403109E92587A0BB2F789B93 BaseClass: NativeClass:/Script/Engine.StaticMeshActor Name:StaticMeshActor_UAID_00D8610A3D70FFB001_1548331910 Label:Cube15 SpatiallyLoaded:1 Bounds:IsValid=true, Min=(X=1000.000 Y=6000.000 Z=2360.000), Max=(X=2000.000 Y=7000.000 Z=4360.000) RuntimeGrid:None EditorOnly:0 RuntimeOnly:0 HLODRelevant:1 ListedInSceneOutliner:1 IsMainWorldOnly:0 FolderPath:Ground FolderGuid:908D7C034B39A7BAB80D45B594445C5F
 |   |   |- Guid:13B14FA34DBFA1FD8FB28F8896F175F8 BaseClass: NativeClass:/Script/Engine.StaticMeshActor Name:StaticMeshActor_UAID_00D8610A3D70FEB001_1597649725 Label:Cube6 SpatiallyLoaded:1 Bounds:IsValid=true, Min=(X=1000.000 Y=1000.000 Z=2360.000), Max=(X=2000.000 Y=2000.000 Z=4360.000) RuntimeGrid:None EditorOnly:0 RuntimeOnly:0 HLODRelevant:1 ListedInSceneOutliner:1 IsMainWorldOnly:0 FolderPath:Ground FolderGuid:908D7C034B39A7BAB80D45B594445C5F
 |   |   |- Guid:23E7700B4C52053D8D77A3B72FC0F140 BaseClass:/Game/AI/PursuerAI.PursuerAI_C NativeClass:/Script/Engine.Character Name:PursuerAI_C_UAID_00D8610A3D700EB101_1392182556 Label:PursuerAI SpatiallyLoaded:1 Bounds:IsValid=true, Min=(X=746.000 Y=3459.226 Z=4388.000), Max=(X=794.000 Y=3514.000 Z=4532.000) RuntimeGrid:None EditorOnly:0 RuntimeOnly:0 HLODRelevant:0 ListedInSceneOutliner:1 IsMainWorldOnly:0 FolderPath:AI FolderGuid:F0FA202E4B665BD55749D3A55D1B3134
 |   |   |- Guid:23FEA21B4A0BA32289EB76B4BB0392CD BaseClass: NativeClass:/Script/Engine.StaticMeshActor Name:StaticMeshActor_UAID_00D8610A3D700FB101_1774078741 Label:Cube17 SpatiallyLoaded:1 Bounds:IsValid=true, Min=(X=0.000 Y=8000.000 Z=2360.000), Max=(X=1000.000 Y=9000.000 Z=4360.000) RuntimeGrid:None EditorOnly:0 RuntimeOnly:0 HLODRelevant:1 ListedInSceneOutliner:1 IsMainWorldOnly:0 FolderPath:Ground FolderGuid:908D7C034B39A7BAB80D45B594445C5F
 |   |   |- Guid:2508B9D54CB708D5DCCCE88C4061A7FE BaseClass: NativeClass:/Script/Engine.StaticMeshActor Name:StaticMeshActor_UAID_00D8610A3D70FEB001_1597647724 Label:Cube5 SpatiallyLoaded:1 Bounds:IsValid=true, Min=(X=1000.000 Y=0.000 Z=2360.000), Max=(X=2000.000 Y=1000.000 Z=4360.000) RuntimeGrid:None EditorOnly:0 RuntimeOnly:0 HLODRelevant:1 ListedInSceneOutliner:1 IsMainWorldOnly:0 FolderPath:Ground FolderGuid:908D7C034B39A7BAB80D45B594445C5F
 |   |   |- Guid:290B09C548CE41893861DFA26F829635 BaseClass: NativeClass:/Script/Engine.StaticMeshActor Name:StaticMeshActor_UAID_00D8610A3D70FEB001_1597650726 Label:Cube7 SpatiallyLoaded:1 Bounds:IsValid=true, Min=(X=1000.000 Y=2000.000 Z=2360.000), Max=(X=2000.000 Y=3000.000 Z=4360.000) RuntimeGrid:None EditorOnly:0 RuntimeOnly:0 HLODRelevant:1 ListedInSceneOutliner:1 IsMainWorldOnly:0 FolderPath:Ground FolderGuid:908D7C034B39A7BAB80D45B594445C5F
 |   |   |- Guid:2926CFA6470254DD38678A8FF1F80C06 BaseClass: NativeClass:/Script/Engine.StaticMeshActor Name:StaticMeshActor_UAID_00D8610A3D70FFB001_1548326906 Label:Cube11 SpatiallyLoaded:1 Bounds:IsValid=true, Min=(X=0.000 Y=6000.000 Z=2360.000), Max=(X=1000.000 Y=7000.000 Z=4360.000) RuntimeGrid:None EditorOnly:0 RuntimeOnly:0 HLODRelevant:1 ListedInSceneOutliner:1 IsMainWorldOnly:0 FolderPath:Ground FolderGuid:908D7C034B39A7BAB80D45B594445C5F
 |   |   |- Guid:2FB58999456391D349DC0F86DAC136ED BaseClass: NativeClass:/Script/Engine.SkyLight Name:SkyLight_1 Label:SkyLight SpatiallyLoaded:0 Bounds:IsValid=true, Min=(X=0.000 Y=0.000 Z=690.000), Max=(X=0.000 Y=0.000 Z=690.000) RuntimeGrid:None EditorOnly:0 RuntimeOnly:0 HLODRelevant:0 ListedInSceneOutliner:1 IsMainWorldOnly:0 FolderPath:Lighting FolderGuid:963EC3EB4002CCE9759E2EBA541A873A
 |   |   |- Guid:316CF2A6494ACA4C0E4180A87D36AB8F BaseClass: NativeClass:/Script/Engine.ExponentialHeightFog Name:ExponentialHeightFog_0 Label:ExponentialHeightFog SpatiallyLoaded:0 Bounds:IsValid=true, Min=(X=-5600.000 Y=-50.000 Z=-6850.000), Max=(X=-5600.000 Y=-50.000 Z=-6850.000) RuntimeGrid:None EditorOnly:0 RuntimeOnly:0 HLODRelevant:0 ListedInSceneOutliner:1 IsMainWorldOnly:0 FolderPath:Lighting FolderGuid:963EC3EB4002CCE9759E2EBA541A873A
 |   |   |- Guid:318268F04CA20EEC0C64D2887425F678 BaseClass: NativeClass:/Script/Engine.StaticMeshActor Name:StaticMeshActor_UAID_00D8610A3D700FB101_1774083742 Label:Cube22 SpatiallyLoaded:1 Bounds:IsValid=true, Min=(X=0.000 Y=9000.000 Z=2360.000), Max=(X=1000.000 Y=10000.000 Z=4360.000) RuntimeGrid:None EditorOnly:0 RuntimeOnly:0 HLODRelevant:1 ListedInSceneOutliner:1 IsMainWorldOnly:0 FolderPath:Ground FolderGuid:908D7C034B39A7BAB80D45B594445C5F
 |   |   |- Guid:3A00AA1C422CE54C0BDB60BAF471BFBB BaseClass: NativeClass:/Script/Engine.PlayerStart Name:PlayerStart_0 Label:PlayerStart SpatiallyLoaded:0 Bounds:IsValid=true, Min=(X=1110.000 Y=250.000 Z=4368.000), Max=(X=1190.000 Y=330.000 Z=4552.000) RuntimeGrid:None EditorOnly:0 RuntimeOnly:0 HLODRelevant:0 ListedInSceneOutliner:1 IsMainWorldOnly:0
 |   |   |- Guid:437619544152E8D4799370B43A148E20 BaseClass: NativeClass:/Script/Engine.StaticMeshActor Name:StaticMeshActor_UAID_00D8610A3D700FB101_1795718748 Label:Cube28 SpatiallyLoaded:1 Bounds:IsValid=true, Min=(X=-5.000 Y=9507.500 Z=4355.000), Max=(X=745.000 Y=9532.500 Z=4505.000) RuntimeGrid:None EditorOnly:0 RuntimeOnly:0 HLODRelevant:1 ListedInSceneOutliner:1 IsMainWorldOnly:0 FolderPath:Fence FolderGuid:5AEEF691498A4002DD3AC5B56136DF2A
 |   |   |- Guid:43815E84492231AFC407F59E3C28176B BaseClass: NativeClass:/Script/Engine.StaticMeshActor Name:StaticMeshActor_4 Label:SM_Cube6 SpatiallyLoaded:1 Bounds:IsValid=true, Min=(X=-100.000 Y=0.000 Z=2000.000), Max=(X=0.000 Y=50000.000 Z=7000.000) RuntimeGrid:None EditorOnly:0 RuntimeOnly:0 HLODRelevant:1 ListedInSceneOutliner:1 IsMainWorldOnly:0 FolderPath:Playground FolderGuid:C73F09FC4215536B1DCE2A9E0A830C70
 |   |   |- Guid:462ECC6E4AF139FE7BAA32A24B4B2F6B BaseClass: NativeClass:/Script/Engine.StaticMeshActor Name:StaticMeshActor_UAID_00D8610A3D700FB101_1299982739 Label:Cube20 SpatiallyLoaded:1 Bounds:IsValid=true, Min=(X=1255.000 Y=5097.500 Z=4355.000), Max=(X=2005.000 Y=5122.500 Z=4505.000) RuntimeGrid:None EditorOnly:0 RuntimeOnly:0 HLODRelevant:1 ListedInSceneOutliner:1 IsMainWorldOnly:0 FolderPath:Fence FolderGuid:5AEEF691498A4002DD3AC5B56136DF2A
 |   |   |- Guid:4D3BE93F4146AAAC8BBE79999D96D57F BaseClass: NativeClass:/Script/Engine.VolumetricCloud Name:VolumetricCloud_0 Label:VolumetricCloud SpatiallyLoaded:0 Bounds:IsValid=true, Min=(X=0.000 Y=0.000 Z=820.000), Max=(X=0.000 Y=0.000 Z=820.000) RuntimeGrid:None EditorOnly:0 RuntimeOnly:0 HLODRelevant:0 ListedInSceneOutliner:1 IsMainWorldOnly:0 FolderPath:Lighting FolderGuid:963EC3EB4002CCE9759E2EBA541A873A
 |   |   |- Guid:5353D8B94300502A623B00954EF85C3F BaseClass: NativeClass:/Script/Engine.StaticMeshActor Name:StaticMeshActor_UAID_00D8610A3D70FFB001_1548324904 Label:Cube9 SpatiallyLoaded:1 Bounds:IsValid=true, Min=(X=0.000 Y=4000.000 Z=2360.000), Max=(X=1000.000 Y=5000.000 Z=4360.000) RuntimeGrid:None EditorOnly:0 RuntimeOnly:0 HLODRelevant:1 ListedInSceneOutliner:1 IsMainWorldOnly:0 FolderPath:Ground FolderGuid:908D7C034B39A7BAB80D45B594445C5F
 |   |   |- Guid:5B97F4A64FB21F77EFC44386BF705B4C BaseClass: NativeClass:/Script/Engine.TextRenderActor Name:TextRenderActor_1 Label:TextRenderActor SpatiallyLoaded:1 Bounds:IsValid=true, Min=(X=-0.100 Y=1100.000 Z=65.013), Max=(X=-0.100 Y=2392.308 Z=215.013) RuntimeGrid:None EditorOnly:0 RuntimeOnly:0 HLODRelevant:0 ListedInSceneOutliner:1 IsMainWorldOnly:0
 |   |   |- Guid:6BAF4DDD444C60371492D3919DB42C97 BaseClass: NativeClass:/Script/Engine.WorldDataLayers Name:WorldDataLayers Label:WorldDataLayers SpatiallyLoaded:0 Bounds:IsValid=true, Min=(X=0.000 Y=0.000 Z=0.000), Max=(X=0.000 Y=0.000 Z=0.000) RuntimeGrid:None EditorOnly:0 RuntimeOnly:0 HLODRelevant:0 ListedInSceneOutliner:1 IsMainWorldOnly:1
 |   |   |- Guid:7DB4A14744CC5E6AF0778397D3A9DD9D BaseClass: NativeClass:/Script/Engine.StaticMeshActor Name:StaticMeshActor_UAID_00D8610A3D70FEB001_1597651727 Label:Cube8 SpatiallyLoaded:1 Bounds:IsValid=true, Min=(X=1000.000 Y=3000.000 Z=2360.000), Max=(X=2000.000 Y=4000.000 Z=4360.000) RuntimeGrid:None EditorOnly:0 RuntimeOnly:0 HLODRelevant:1 ListedInSceneOutliner:1 IsMainWorldOnly:0 FolderPath:Ground FolderGuid:908D7C034B39A7BAB80D45B594445C5F
 |   |   |- Guid:812DF8EA4F2F91EBE6B86C8FEF438210 BaseClass: NativeClass:/Script/Engine.StaticMeshActor Name:StaticMeshActor_UAID_00D8610A3D70FFB001_1548327907 Label:Cube12 SpatiallyLoaded:1 Bounds:IsValid=true, Min=(X=0.000 Y=7000.000 Z=2360.000), Max=(X=1000.000 Y=8000.000 Z=4360.000) RuntimeGrid:None EditorOnly:0 RuntimeOnly:0 HLODRelevant:1 ListedInSceneOutliner:1 IsMainWorldOnly:0 FolderPath:Ground FolderGuid:908D7C034B39A7BAB80D45B594445C5F
 |   |   |- Guid:8D16F242453A50279AA4F0A7152E14C4 BaseClass: NativeClass:/Script/Engine.StaticMeshActor Name:StaticMeshActor_UAID_00D8610A3D70FFB001_1548328908 Label:Cube13 SpatiallyLoaded:1 Bounds:IsValid=true, Min=(X=1000.000 Y=4000.000 Z=2360.000), Max=(X=2000.000 Y=5000.000 Z=4360.000) RuntimeGrid:None EditorOnly:0 RuntimeOnly:0 HLODRelevant:1 ListedInSceneOutliner:1 IsMainWorldOnly:0 FolderPath:Ground FolderGuid:908D7C034B39A7BAB80D45B594445C5F
 |   |   |- Guid:9625E8CD48D4D82F1A92D89DBFA2C363 BaseClass: NativeClass:/Script/Engine.StaticMeshActor Name:StaticMeshActor_UAID_00D8610A3D70FEB001_1563633721 Label:Cube2 SpatiallyLoaded:1 Bounds:IsValid=true, Min=(X=0.000 Y=1000.000 Z=2360.000), Max=(X=1000.000 Y=2000.000 Z=4360.000) RuntimeGrid:None EditorOnly:0 RuntimeOnly:0 HLODRelevant:1 ListedInSceneOutliner:1 IsMainWorldOnly:0 FolderPath:Ground FolderGuid:908D7C034B39A7BAB80D45B594445C5F
 |   |   |- Guid:9FA586C84E390DD74328689C21CDBCEA BaseClass: NativeClass:/Script/Engine.StaticMeshActor Name:StaticMeshActor_UAID_00D8610A3D70FEB001_1581526723 Label:Cube4 SpatiallyLoaded:1 Bounds:IsValid=true, Min=(X=0.000 Y=3000.000 Z=2360.000), Max=(X=1000.000 Y=4000.000 Z=4360.000) RuntimeGrid:None EditorOnly:0 RuntimeOnly:0 HLODRelevant:1 ListedInSceneOutliner:1 IsMainWorldOnly:0 FolderPath:Ground FolderGuid:908D7C034B39A7BAB80D45B594445C5F
 |   |   |- Guid:A24B64974D6A5B1F0ED3FAA10B0BBD16 BaseClass: NativeClass:/Script/Engine.StaticMeshActor Name:StaticMeshActor_UAID_00D8610A3D700FB101_1211767736 Label:Cube18 SpatiallyLoaded:1 Bounds:IsValid=true, Min=(X=1255.000 Y=1007.500 Z=4355.000), Max=(X=2005.000 Y=1032.500 Z=4505.000) RuntimeGrid:None EditorOnly:0 RuntimeOnly:0 HLODRelevant:1 ListedInSceneOutliner:1 IsMainWorldOnly:0 FolderPath:Fence FolderGuid:5AEEF691498A4002DD3AC5B56136DF2A
 |   |   |- Guid:A56216954B2165CF0F35A886B537D536 BaseClass: NativeClass:/Script/Engine.StaticMeshActor Name:StaticMeshActor_0 Label:SM_Cube5 SpatiallyLoaded:1 Bounds:IsValid=true, Min=(X=49900.000 Y=0.000 Z=2000.000), Max=(X=50000.000 Y=50000.000 Z=7000.000) RuntimeGrid:None EditorOnly:0 RuntimeOnly:0 HLODRelevant:1 ListedInSceneOutliner:1 IsMainWorldOnly:0 FolderPath:Playground FolderGuid:C73F09FC4215536B1DCE2A9E0A830C70
 |   |   |- Guid:A5FE566A49CD5738FABD2080C0B7BE5C BaseClass: NativeClass:/Script/Engine.StaticMeshActor Name:StaticMeshActor_UAID_00D8610A3D700FB101_1774085743 Label:Cube23 SpatiallyLoaded:1 Bounds:IsValid=true, Min=(X=0.000 Y=10000.000 Z=2360.000), Max=(X=1000.000 Y=11000.000 Z=4360.000) RuntimeGrid:None EditorOnly:0 RuntimeOnly:0 HLODRelevant:1 ListedInSceneOutliner:1 IsMainWorldOnly:0 FolderPath:Ground FolderGuid:908D7C034B39A7BAB80D45B594445C5F
 |   |   |- Guid:A81DF52546E7823E1A15AB969ED958D6 BaseClass: NativeClass:/Script/NavigationSystem.NavMeshBoundsVolume Name:NavMeshBoundsVolume_UAID_00D8610A3D700EB101_1639493558 Label:NavMeshBoundsVolume SpatiallyLoaded:0 Bounds:IsValid=true, Min=(X=-1330.000 Y=1070.000 Z=4060.000), Max=(X=2670.000 Y=5070.000 Z=5060.000) RuntimeGrid:None EditorOnly:0 RuntimeOnly:0 HLODRelevant:0 ListedInSceneOutliner:1 IsMainWorldOnly:0 FolderPath:AI FolderGuid:F0FA202E4B665BD55749D3A55D1B3134
 |   |   |- Guid:A96A64784ACC9FCD889A9A8CA0138488 BaseClass: NativeClass:/Script/Engine.StaticMeshActor Name:StaticMeshActor_UAID_00D8610A3D700FB101_1299984740 Label:Cube21 SpatiallyLoaded:1 Bounds:IsValid=true, Min=(X=-5.000 Y=5097.500 Z=4355.000), Max=(X=745.000 Y=5122.500 Z=4505.000) RuntimeGrid:None EditorOnly:0 RuntimeOnly:0 HLODRelevant:1 ListedInSceneOutliner:1 IsMainWorldOnly:0 FolderPath:Fence FolderGuid:5AEEF691498A4002DD3AC5B56136DF2A
 |   |   |- Guid:A979C0DF42B0220DCD6B0FAD5DEAA3C2 BaseClass: NativeClass:/Script/Engine.StaticMeshActor Name:StaticMeshActor_UAID_00D8610A3D700FB101_1288080738 Label:Cube19 SpatiallyLoaded:1 Bounds:IsValid=true, Min=(X=-5.000 Y=1007.500 Z=4355.000), Max=(X=745.000 Y=1032.500 Z=4505.000) RuntimeGrid:None EditorOnly:0 RuntimeOnly:0 HLODRelevant:1 ListedInSceneOutliner:1 IsMainWorldOnly:0 FolderPath:Fence FolderGuid:5AEEF691498A4002DD3AC5B56136DF2A
 |   |   |- Guid:B30EBDB9443E221CC1A151AFE9ABD1B9 BaseClass: NativeClass:/Script/Engine.StaticMeshActor Name:StaticMeshActor_UAID_00D8610A3D70FEB001_1384331720 Label:Cube SpatiallyLoaded:1 Bounds:IsValid=true, Min=(X=0.000 Y=0.000 Z=2360.000), Max=(X=1000.000 Y=1000.000 Z=4360.000) RuntimeGrid:None EditorOnly:0 RuntimeOnly:0 HLODRelevant:1 ListedInSceneOutliner:1 IsMainWorldOnly:0 FolderPath:Ground FolderGuid:908D7C034B39A7BAB80D45B594445C5F
 |   |   |- Guid:B785ED2844B84CFB91E7F39FE661CD99 BaseClass: NativeClass:/Script/Engine.DirectionalLight Name:DirectionalLight_0 Label:DirectionalLight SpatiallyLoaded:0 Bounds:IsValid=true, Min=(X=-1048576.000 Y=-1048576.000 Z=-1048576.000), Max=(X=1048576.000 Y=1048576.000 Z=1048576.000) RuntimeGrid:None EditorOnly:0 RuntimeOnly:0 HLODRelevant:0 ListedInSceneOutliner:1 IsMainWorldOnly:0 FolderPath:Lighting FolderGuid:963EC3EB4002CCE9759E2EBA541A873A
 |   |   |- Guid:BB4F45A144FBE2D1116E76889A14B4C6 BaseClass: NativeClass:/Script/Engine.StaticMeshActor Name:StaticMeshActor_UAID_00D8610A3D70FFB001_1548329909 Label:Cube14 SpatiallyLoaded:1 Bounds:IsValid=true, Min=(X=1000.000 Y=5000.000 Z=2360.000), Max=(X=2000.000 Y=6000.000 Z=4360.000) RuntimeGrid:None EditorOnly:0 RuntimeOnly:0 HLODRelevant:1 ListedInSceneOutliner:1 IsMainWorldOnly:0 FolderPath:Ground FolderGuid:908D7C034B39A7BAB80D45B594445C5F
 |   |   |- Guid:BC08B79C4EA3C961CFF75EBBE83B367D BaseClass: NativeClass:/Script/Engine.StaticMeshActor Name:StaticMeshActor_5 Label:SM_Cube2 SpatiallyLoaded:1 Bounds:IsValid=true, Min=(X=0.000 Y=0.000 Z=2000.000), Max=(X=50000.000 Y=100.000 Z=7000.000) RuntimeGrid:None EditorOnly:0 RuntimeOnly:0 HLODRelevant:1 ListedInSceneOutliner:1 IsMainWorldOnly:0 FolderPath:Playground FolderGuid:C73F09FC4215536B1DCE2A9E0A830C70
 |   |   |- Guid:CADF033C478EBB41FFC7F88492BE7696 BaseClass: NativeClass:/Script/Engine.StaticMeshActor Name:StaticMeshActor_UAID_00D8610A3D70FEB001_1581525722 Label:Cube3 SpatiallyLoaded:1 Bounds:IsValid=true, Min=(X=0.000 Y=2000.000 Z=2360.000), Max=(X=1000.000 Y=3000.000 Z=4360.000) RuntimeGrid:None EditorOnly:0 RuntimeOnly:0 HLODRelevant:1 ListedInSceneOutliner:1 IsMainWorldOnly:0 FolderPath:Ground FolderGuid:908D7C034B39A7BAB80D45B594445C5F
 |   |   |- Guid:CB94D38748B46DE852F142BD479ADC0F BaseClass:/Game/Mortar.Mortar_C NativeClass:/Script/Engine.Actor Name:Mortar_C_UAID_00D8610A3D7010B101_1122328929 Label:Mortar SpatiallyLoaded:1 Bounds:IsValid=true, Min=(X=1356.011 Y=9118.759 Z=4359.525), Max=(X=1562.943 Y=9361.422 Z=4562.615) RuntimeGrid:None EditorOnly:0 RuntimeOnly:0 HLODRelevant:0 ListedInSceneOutliner:1 IsMainWorldOnly:0
 |   |   |- Guid:CCFF262C46EEFFDF319E7F9539CE697E BaseClass: NativeClass:/Script/Engine.SkyAtmosphere Name:SkyAtmosphere_0 Label:SkyAtmosphere SpatiallyLoaded:0 Bounds:IsValid=true, Min=(X=0.000 Y=0.000 Z=1020.000), Max=(X=0.000 Y=0.000 Z=1020.000) RuntimeGrid:None EditorOnly:0 RuntimeOnly:0 HLODRelevant:0 ListedInSceneOutliner:1 IsMainWorldOnly:0 FolderPath:Lighting FolderGuid:963EC3EB4002CCE9759E2EBA541A873A
 |   |   |- Guid:D4AA0F5642CD50C345859E96E8B6575B BaseClass: NativeClass:/Script/Engine.StaticMeshActor Name:StaticMeshActor_UAID_00D8610A3D70FFB001_1548332911 Label:Cube16 SpatiallyLoaded:1 Bounds:IsValid=true, Min=(X=1000.000 Y=7000.000 Z=2360.000), Max=(X=2000.000 Y=8000.000 Z=4360.000) RuntimeGrid:None EditorOnly:0 RuntimeOnly:0 HLODRelevant:1 ListedInSceneOutliner:1 IsMainWorldOnly:0 FolderPath:Ground FolderGuid:908D7C034B39A7BAB80D45B594445C5F
 |   |   |- Guid:D6BC16714F00D988D203CCA1C09DEF11 BaseClass: NativeClass:/Script/Engine.StaticMeshActor Name:StaticMeshActor_UAID_00D8610A3D700FB101_1795716747 Label:Cube27 SpatiallyLoaded:1 Bounds:IsValid=true, Min=(X=1255.000 Y=9507.500 Z=4355.000), Max=(X=2005.000 Y=9532.500 Z=4505.000) RuntimeGrid:None EditorOnly:0 RuntimeOnly:0 HLODRelevant:1 ListedInSceneOutliner:1 IsMainWorldOnly:0 FolderPath:Fence FolderGuid:5AEEF691498A4002DD3AC5B56136DF2A
 |   |   |- Guid:DD309EF64EF715CA944E7DA458F1008A BaseClass: NativeClass:/Script/Engine.StaticMeshActor Name:StaticMeshActor_UAID_00D8610A3D70FFB001_1548326905 Label:Cube10 SpatiallyLoaded:1 Bounds:IsValid=true, Min=(X=0.000 Y=5000.000 Z=2360.000), Max=(X=1000.000 Y=6000.000 Z=4360.000) RuntimeGrid:None EditorOnly:0 RuntimeOnly:0 HLODRelevant:1 ListedInSceneOutliner:1 IsMainWorldOnly:0 FolderPath:Ground FolderGuid:908D7C034B39A7BAB80D45B594445C5F
 |   |   |- Guid:DDBDDACF442D1219C4054A8562C1991C BaseClass: NativeClass:/Script/Engine.StaticMeshActor Name:StaticMeshActor_UAID_00D8610A3D700FB101_1774089746 Label:Cube26 SpatiallyLoaded:1 Bounds:IsValid=true, Min=(X=1000.000 Y=10000.000 Z=2360.000), Max=(X=2000.000 Y=11000.000 Z=4360.000) RuntimeGrid:None EditorOnly:0 RuntimeOnly:0 HLODRelevant:1 ListedInSceneOutliner:1 IsMainWorldOnly:0 FolderPath:Ground FolderGuid:908D7C034B39A7BAB80D45B594445C5F
 |   |   |- Guid:E1482509418829606EB63A842E7E3DA5 BaseClass: NativeClass:/Script/Engine.StaticMeshActor Name:StaticMeshActor_UAID_00D8610A3D700FB101_1774088745 Label:Cube25 SpatiallyLoaded:1 Bounds:IsValid=true, Min=(X=1000.000 Y=9000.000 Z=2360.000), Max=(X=2000.000 Y=10000.000 Z=4360.000) RuntimeGrid:None EditorOnly:0 RuntimeOnly:0 HLODRelevant:1 ListedInSceneOutliner:1 IsMainWorldOnly:0 FolderPath:Ground FolderGuid:908D7C034B39A7BAB80D45B594445C5F
 |   |   |- Guid:EC3E18FB4E26E2E7A6C34EB282406475 BaseClass: NativeClass:/Script/NavigationSystem.RecastNavMesh Name:RecastNavMesh_UAID_00D8610A3D700EB101-Default Label:RecastNavMesh-Default SpatiallyLoaded:0 Bounds:IsValid=true, Min=(X=0.000 Y=0.000 Z=0.000), Max=(X=0.000 Y=0.000 Z=0.000) RuntimeGrid:None EditorOnly:0 RuntimeOnly:0 HLODRelevant:0 ListedInSceneOutliner:1 IsMainWorldOnly:0 FolderPath:AI FolderGuid:F0FA202E4B665BD55749D3A55D1B3134
 |   |   |- Guid:EC4E0C944CE6AC6E784BC6BB2916EA13 BaseClass: NativeClass:/Script/Engine.StaticMeshActor Name:StaticMeshActor_UAID_A4AE111137DC5EFB00_1110535423 Label:SM_SkySphere SpatiallyLoaded:0 Bounds:IsValid=true, Min=(X=-12288000.000 Y=-1638400.000 Z=-201800.000), Max=(X=12288000.000 Y=1638400.000 Z=207800.000) RuntimeGrid:None EditorOnly:0 RuntimeOnly:0 HLODRelevant:1 ListedInSceneOutliner:1 IsMainWorldOnly:0 FolderPath:Lighting FolderGuid:963EC3EB4002CCE9759E2EBA541A873A
 |   |   |- Guid:F1924B8D48954B30891B2DB6A694F9CC BaseClass: NativeClass:/Script/Engine.StaticMeshActor Name:StaticMeshActor_1 Label:SM_Cube SpatiallyLoaded:1 Bounds:IsValid=true, Min=(X=-1500.000 Y=-1500.000 Z=0.000), Max=(X=63500.000 Y=63500.000 Z=2000.000) RuntimeGrid:None EditorOnly:0 RuntimeOnly:0 HLODRelevant:1 ListedInSceneOutliner:1 IsMainWorldOnly:0 FolderPath:Playground FolderGuid:C73F09FC4215536B1DCE2A9E0A830C70
 |   |   |- Guid:F5E3FEB3450C49844FD93DA8E083C8AD BaseClass: NativeClass:/Script/Engine.PostProcessVolume Name:PostProcessVolume_0 Label:PostProcessVolume SpatiallyLoaded:0 Bounds:IsValid=true, Min=(X=0.000 Y=0.000 Z=400.000), Max=(X=200.000 Y=200.000 Z=600.000) RuntimeGrid:None EditorOnly:0 RuntimeOnly:0 HLODRelevant:0 ListedInSceneOutliner:1 IsMainWorldOnly:0 FolderPath:Lighting FolderGuid:963EC3EB4002CCE9759E2EBA541A873A
 |   |   |- Guid:FA7E3A9A4341A810C3933C8B387FCF73 BaseClass: NativeClass:/Script/Engine.StaticMeshActor Name:StaticMeshActor_UAID_00D8610A3D700FB101_1774087744 Label:Cube24 SpatiallyLoaded:1 Bounds:IsValid=true, Min=(X=1000.000 Y=8000.000 Z=2360.000), Max=(X=2000.000 Y=9000.000 Z=4360.000) RuntimeGrid:None EditorOnly:0 RuntimeOnly:0 HLODRelevant:1 ListedInSceneOutliner:1 IsMainWorldOnly:0 FolderPath:Ground FolderGuid:908D7C034B39A7BAB80D45B594445C5F
 |   |   |- Guid:FF698C67459ADB4982D7759C0905EE9F BaseClass: NativeClass:/Script/Engine.StaticMeshActor Name:StaticMeshActor_6 Label:SM_Cube3 SpatiallyLoaded:1 Bounds:IsValid=true, Min=(X=0.000 Y=50000.000 Z=2000.000), Max=(X=50000.000 Y=50100.000 Z=7000.000) RuntimeGrid:None EditorOnly:0 RuntimeOnly:0 HLODRelevant:1 ListedInSceneOutliner:1 IsMainWorldOnly:0 FolderPath:Playground FolderGuid:C73F09FC4215536B1DCE2A9E0A830C70
 |   |- [+] Clusters:
 |   |   |- [+] [  0]
 |   |   |   |- Guid:0695BA48403109E92587A0BB2F789B93 BaseClass: NativeClass:/Script/Engine.StaticMeshActor Name:StaticMeshActor_UAID_00D8610A3D70FFB001_1548331910 Label:Cube15 SpatiallyLoaded:1 Bounds:IsValid=true, Min=(X=1000.000 Y=6000.000 Z=2360.000), Max=(X=2000.000 Y=7000.000 Z=4360.000) RuntimeGrid:None EditorOnly:0 RuntimeOnly:0 HLODRelevant:1 ListedInSceneOutliner:1 IsMainWorldOnly:0 FolderPath:Ground FolderGuid:908D7C034B39A7BAB80D45B594445C5F
 |   |   |- [+] [  1]
 |   |   |   |- Guid:13B14FA34DBFA1FD8FB28F8896F175F8 BaseClass: NativeClass:/Script/Engine.StaticMeshActor Name:StaticMeshActor_UAID_00D8610A3D70FEB001_1597649725 Label:Cube6 SpatiallyLoaded:1 Bounds:IsValid=true, Min=(X=1000.000 Y=1000.000 Z=2360.000), Max=(X=2000.000 Y=2000.000 Z=4360.000) RuntimeGrid:None EditorOnly:0 RuntimeOnly:0 HLODRelevant:1 ListedInSceneOutliner:1 IsMainWorldOnly:0 FolderPath:Ground FolderGuid:908D7C034B39A7BAB80D45B594445C5F
 |   |   |- [+] [  2]
 |   |   |   |- Guid:23E7700B4C52053D8D77A3B72FC0F140 BaseClass:/Game/AI/PursuerAI.PursuerAI_C NativeClass:/Script/Engine.Character Name:PursuerAI_C_UAID_00D8610A3D700EB101_1392182556 Label:PursuerAI SpatiallyLoaded:1 Bounds:IsValid=true, Min=(X=746.000 Y=3459.226 Z=4388.000), Max=(X=794.000 Y=3514.000 Z=4532.000) RuntimeGrid:None EditorOnly:0 RuntimeOnly:0 HLODRelevant:0 ListedInSceneOutliner:1 IsMainWorldOnly:0 FolderPath:AI FolderGuid:F0FA202E4B665BD55749D3A55D1B3134
 |   |   |- [+] [  3]
 |   |   |   |- Guid:23FEA21B4A0BA32289EB76B4BB0392CD BaseClass: NativeClass:/Script/Engine.StaticMeshActor Name:StaticMeshActor_UAID_00D8610A3D700FB101_1774078741 Label:Cube17 SpatiallyLoaded:1 Bounds:IsValid=true, Min=(X=0.000 Y=8000.000 Z=2360.000), Max=(X=1000.000 Y=9000.000 Z=4360.000) RuntimeGrid:None EditorOnly:0 RuntimeOnly:0 HLODRelevant:1 ListedInSceneOutliner:1 IsMainWorldOnly:0 FolderPath:Ground FolderGuid:908D7C034B39A7BAB80D45B594445C5F
 |   |   |- [+] [  4]
 |   |   |   |- Guid:2508B9D54CB708D5DCCCE88C4061A7FE BaseClass: NativeClass:/Script/Engine.StaticMeshActor Name:StaticMeshActor_UAID_00D8610A3D70FEB001_1597647724 Label:Cube5 SpatiallyLoaded:1 Bounds:IsValid=true, Min=(X=1000.000 Y=0.000 Z=2360.000), Max=(X=2000.000 Y=1000.000 Z=4360.000) RuntimeGrid:None EditorOnly:0 RuntimeOnly:0 HLODRelevant:1 ListedInSceneOutliner:1 IsMainWorldOnly:0 FolderPath:Ground FolderGuid:908D7C034B39A7BAB80D45B594445C5F
 |   |   |- [+] [  5]
 |   |   |   |- Guid:290B09C548CE41893861DFA26F829635 BaseClass: NativeClass:/Script/Engine.StaticMeshActor Name:StaticMeshActor_UAID_00D8610A3D70FEB001_1597650726 Label:Cube7 SpatiallyLoaded:1 Bounds:IsValid=true, Min=(X=1000.000 Y=2000.000 Z=2360.000), Max=(X=2000.000 Y=3000.000 Z=4360.000) RuntimeGrid:None EditorOnly:0 RuntimeOnly:0 HLODRelevant:1 ListedInSceneOutliner:1 IsMainWorldOnly:0 FolderPath:Ground FolderGuid:908D7C034B39A7BAB80D45B594445C5F
 |   |   |- [+] [  6]
 |   |   |   |- Guid:2926CFA6470254DD38678A8FF1F80C06 BaseClass: NativeClass:/Script/Engine.StaticMeshActor Name:StaticMeshActor_UAID_00D8610A3D70FFB001_1548326906 Label:Cube11 SpatiallyLoaded:1 Bounds:IsValid=true, Min=(X=0.000 Y=6000.000 Z=2360.000), Max=(X=1000.000 Y=7000.000 Z=4360.000) RuntimeGrid:None EditorOnly:0 RuntimeOnly:0 HLODRelevant:1 ListedInSceneOutliner:1 IsMainWorldOnly:0 FolderPath:Ground FolderGuid:908D7C034B39A7BAB80D45B594445C5F
 |   |   |- [+] [  7]
 |   |   |   |- Guid:2FB58999456391D349DC0F86DAC136ED BaseClass: NativeClass:/Script/Engine.SkyLight Name:SkyLight_1 Label:SkyLight SpatiallyLoaded:0 Bounds:IsValid=true, Min=(X=0.000 Y=0.000 Z=690.000), Max=(X=0.000 Y=0.000 Z=690.000) RuntimeGrid:None EditorOnly:0 RuntimeOnly:0 HLODRelevant:0 ListedInSceneOutliner:1 IsMainWorldOnly:0 FolderPath:Lighting FolderGuid:963EC3EB4002CCE9759E2EBA541A873A
 |   |   |- [+] [  8]
 |   |   |   |- Guid:316CF2A6494ACA4C0E4180A87D36AB8F BaseClass: NativeClass:/Script/Engine.ExponentialHeightFog Name:ExponentialHeightFog_0 Label:ExponentialHeightFog SpatiallyLoaded:0 Bounds:IsValid=true, Min=(X=-5600.000 Y=-50.000 Z=-6850.000), Max=(X=-5600.000 Y=-50.000 Z=-6850.000) RuntimeGrid:None EditorOnly:0 RuntimeOnly:0 HLODRelevant:0 ListedInSceneOutliner:1 IsMainWorldOnly:0 FolderPath:Lighting FolderGuid:963EC3EB4002CCE9759E2EBA541A873A
 |   |   |- [+] [  9]
 |   |   |   |- Guid:318268F04CA20EEC0C64D2887425F678 BaseClass: NativeClass:/Script/Engine.StaticMeshActor Name:StaticMeshActor_UAID_00D8610A3D700FB101_1774083742 Label:Cube22 SpatiallyLoaded:1 Bounds:IsValid=true, Min=(X=0.000 Y=9000.000 Z=2360.000), Max=(X=1000.000 Y=10000.000 Z=4360.000) RuntimeGrid:None EditorOnly:0 RuntimeOnly:0 HLODRelevant:1 ListedInSceneOutliner:1 IsMainWorldOnly:0 FolderPath:Ground FolderGuid:908D7C034B39A7BAB80D45B594445C5F
 |   |   |- [+] [ 10]
 |   |   |   |- Guid:3A00AA1C422CE54C0BDB60BAF471BFBB BaseClass: NativeClass:/Script/Engine.PlayerStart Name:PlayerStart_0 Label:PlayerStart SpatiallyLoaded:0 Bounds:IsValid=true, Min=(X=1110.000 Y=250.000 Z=4368.000), Max=(X=1190.000 Y=330.000 Z=4552.000) RuntimeGrid:None EditorOnly:0 RuntimeOnly:0 HLODRelevant:0 ListedInSceneOutliner:1 IsMainWorldOnly:0
 |   |   |- [+] [ 11]
 |   |   |   |- Guid:437619544152E8D4799370B43A148E20 BaseClass: NativeClass:/Script/Engine.StaticMeshActor Name:StaticMeshActor_UAID_00D8610A3D700FB101_1795718748 Label:Cube28 SpatiallyLoaded:1 Bounds:IsValid=true, Min=(X=-5.000 Y=9507.500 Z=4355.000), Max=(X=745.000 Y=9532.500 Z=4505.000) RuntimeGrid:None EditorOnly:0 RuntimeOnly:0 HLODRelevant:1 ListedInSceneOutliner:1 IsMainWorldOnly:0 FolderPath:Fence FolderGuid:5AEEF691498A4002DD3AC5B56136DF2A
 |   |   |- [+] [ 12]
 |   |   |   |- Guid:43815E84492231AFC407F59E3C28176B BaseClass: NativeClass:/Script/Engine.StaticMeshActor Name:StaticMeshActor_4 Label:SM_Cube6 SpatiallyLoaded:1 Bounds:IsValid=true, Min=(X=-100.000 Y=0.000 Z=2000.000), Max=(X=0.000 Y=50000.000 Z=7000.000) RuntimeGrid:None EditorOnly:0 RuntimeOnly:0 HLODRelevant:1 ListedInSceneOutliner:1 IsMainWorldOnly:0 FolderPath:Playground FolderGuid:C73F09FC4215536B1DCE2A9E0A830C70
 |   |   |- [+] [ 13]
 |   |   |   |- Guid:462ECC6E4AF139FE7BAA32A24B4B2F6B BaseClass: NativeClass:/Script/Engine.StaticMeshActor Name:StaticMeshActor_UAID_00D8610A3D700FB101_1299982739 Label:Cube20 SpatiallyLoaded:1 Bounds:IsValid=true, Min=(X=1255.000 Y=5097.500 Z=4355.000), Max=(X=2005.000 Y=5122.500 Z=4505.000) RuntimeGrid:None EditorOnly:0 RuntimeOnly:0 HLODRelevant:1 ListedInSceneOutliner:1 IsMainWorldOnly:0 FolderPath:Fence FolderGuid:5AEEF691498A4002DD3AC5B56136DF2A
 |   |   |- [+] [ 14]
 |   |   |   |- Guid:4D3BE93F4146AAAC8BBE79999D96D57F BaseClass: NativeClass:/Script/Engine.VolumetricCloud Name:VolumetricCloud_0 Label:VolumetricCloud SpatiallyLoaded:0 Bounds:IsValid=true, Min=(X=0.000 Y=0.000 Z=820.000), Max=(X=0.000 Y=0.000 Z=820.000) RuntimeGrid:None EditorOnly:0 RuntimeOnly:0 HLODRelevant:0 ListedInSceneOutliner:1 IsMainWorldOnly:0 FolderPath:Lighting FolderGuid:963EC3EB4002CCE9759E2EBA541A873A
 |   |   |- [+] [ 15]
 |   |   |   |- Guid:5353D8B94300502A623B00954EF85C3F BaseClass: NativeClass:/Script/Engine.StaticMeshActor Name:StaticMeshActor_UAID_00D8610A3D70FFB001_1548324904 Label:Cube9 SpatiallyLoaded:1 Bounds:IsValid=true, Min=(X=0.000 Y=4000.000 Z=2360.000), Max=(X=1000.000 Y=5000.000 Z=4360.000) RuntimeGrid:None EditorOnly:0 RuntimeOnly:0 HLODRelevant:1 ListedInSceneOutliner:1 IsMainWorldOnly:0 FolderPath:Ground FolderGuid:908D7C034B39A7BAB80D45B594445C5F
 |   |   |- [+] [ 16]
 |   |   |   |- Guid:5B97F4A64FB21F77EFC44386BF705B4C BaseClass: NativeClass:/Script/Engine.TextRenderActor Name:TextRenderActor_1 Label:TextRenderActor SpatiallyLoaded:1 Bounds:IsValid=true, Min=(X=-0.100 Y=1100.000 Z=65.013), Max=(X=-0.100 Y=2392.308 Z=215.013) RuntimeGrid:None EditorOnly:0 RuntimeOnly:0 HLODRelevant:0 ListedInSceneOutliner:1 IsMainWorldOnly:0
 |   |   |- [+] [ 17]
 |   |   |   |- Guid:6BAF4DDD444C60371492D3919DB42C97 BaseClass: NativeClass:/Script/Engine.WorldDataLayers Name:WorldDataLayers Label:WorldDataLayers SpatiallyLoaded:0 Bounds:IsValid=true, Min=(X=0.000 Y=0.000 Z=0.000), Max=(X=0.000 Y=0.000 Z=0.000) RuntimeGrid:None EditorOnly:0 RuntimeOnly:0 HLODRelevant:0 ListedInSceneOutliner:1 IsMainWorldOnly:1
 |   |   |- [+] [ 18]
 |   |   |   |- Guid:7DB4A14744CC5E6AF0778397D3A9DD9D BaseClass: NativeClass:/Script/Engine.StaticMeshActor Name:StaticMeshActor_UAID_00D8610A3D70FEB001_1597651727 Label:Cube8 SpatiallyLoaded:1 Bounds:IsValid=true, Min=(X=1000.000 Y=3000.000 Z=2360.000), Max=(X=2000.000 Y=4000.000 Z=4360.000) RuntimeGrid:None EditorOnly:0 RuntimeOnly:0 HLODRelevant:1 ListedInSceneOutliner:1 IsMainWorldOnly:0 FolderPath:Ground FolderGuid:908D7C034B39A7BAB80D45B594445C5F
 |   |   |- [+] [ 19]
 |   |   |   |- Guid:812DF8EA4F2F91EBE6B86C8FEF438210 BaseClass: NativeClass:/Script/Engine.StaticMeshActor Name:StaticMeshActor_UAID_00D8610A3D70FFB001_1548327907 Label:Cube12 SpatiallyLoaded:1 Bounds:IsValid=true, Min=(X=0.000 Y=7000.000 Z=2360.000), Max=(X=1000.000 Y=8000.000 Z=4360.000) RuntimeGrid:None EditorOnly:0 RuntimeOnly:0 HLODRelevant:1 ListedInSceneOutliner:1 IsMainWorldOnly:0 FolderPath:Ground FolderGuid:908D7C034B39A7BAB80D45B594445C5F
 |   |   |- [+] [ 20]
 |   |   |   |- Guid:8D16F242453A50279AA4F0A7152E14C4 BaseClass: NativeClass:/Script/Engine.StaticMeshActor Name:StaticMeshActor_UAID_00D8610A3D70FFB001_1548328908 Label:Cube13 SpatiallyLoaded:1 Bounds:IsValid=true, Min=(X=1000.000 Y=4000.000 Z=2360.000), Max=(X=2000.000 Y=5000.000 Z=4360.000) RuntimeGrid:None EditorOnly:0 RuntimeOnly:0 HLODRelevant:1 ListedInSceneOutliner:1 IsMainWorldOnly:0 FolderPath:Ground FolderGuid:908D7C034B39A7BAB80D45B594445C5F
 |   |   |- [+] [ 21]
 |   |   |   |- Guid:9625E8CD48D4D82F1A92D89DBFA2C363 BaseClass: NativeClass:/Script/Engine.StaticMeshActor Name:StaticMeshActor_UAID_00D8610A3D70FEB001_1563633721 Label:Cube2 SpatiallyLoaded:1 Bounds:IsValid=true, Min=(X=0.000 Y=1000.000 Z=2360.000), Max=(X=1000.000 Y=2000.000 Z=4360.000) RuntimeGrid:None EditorOnly:0 RuntimeOnly:0 HLODRelevant:1 ListedInSceneOutliner:1 IsMainWorldOnly:0 FolderPath:Ground FolderGuid:908D7C034B39A7BAB80D45B594445C5F
 |   |   |- [+] [ 22]
 |   |   |   |- Guid:9FA586C84E390DD74328689C21CDBCEA BaseClass: NativeClass:/Script/Engine.StaticMeshActor Name:StaticMeshActor_UAID_00D8610A3D70FEB001_1581526723 Label:Cube4 SpatiallyLoaded:1 Bounds:IsValid=true, Min=(X=0.000 Y=3000.000 Z=2360.000), Max=(X=1000.000 Y=4000.000 Z=4360.000) RuntimeGrid:None EditorOnly:0 RuntimeOnly:0 HLODRelevant:1 ListedInSceneOutliner:1 IsMainWorldOnly:0 FolderPath:Ground FolderGuid:908D7C034B39A7BAB80D45B594445C5F
 |   |   |- [+] [ 23]
 |   |   |   |- Guid:A24B64974D6A5B1F0ED3FAA10B0BBD16 BaseClass: NativeClass:/Script/Engine.StaticMeshActor Name:StaticMeshActor_UAID_00D8610A3D700FB101_1211767736 Label:Cube18 SpatiallyLoaded:1 Bounds:IsValid=true, Min=(X=1255.000 Y=1007.500 Z=4355.000), Max=(X=2005.000 Y=1032.500 Z=4505.000) RuntimeGrid:None EditorOnly:0 RuntimeOnly:0 HLODRelevant:1 ListedInSceneOutliner:1 IsMainWorldOnly:0 FolderPath:Fence FolderGuid:5AEEF691498A4002DD3AC5B56136DF2A
 |   |   |- [+] [ 24]
 |   |   |   |- Guid:A56216954B2165CF0F35A886B537D536 BaseClass: NativeClass:/Script/Engine.StaticMeshActor Name:StaticMeshActor_0 Label:SM_Cube5 SpatiallyLoaded:1 Bounds:IsValid=true, Min=(X=49900.000 Y=0.000 Z=2000.000), Max=(X=50000.000 Y=50000.000 Z=7000.000) RuntimeGrid:None EditorOnly:0 RuntimeOnly:0 HLODRelevant:1 ListedInSceneOutliner:1 IsMainWorldOnly:0 FolderPath:Playground FolderGuid:C73F09FC4215536B1DCE2A9E0A830C70
 |   |   |- [+] [ 25]
 |   |   |   |- Guid:A5FE566A49CD5738FABD2080C0B7BE5C BaseClass: NativeClass:/Script/Engine.StaticMeshActor Name:StaticMeshActor_UAID_00D8610A3D700FB101_1774085743 Label:Cube23 SpatiallyLoaded:1 Bounds:IsValid=true, Min=(X=0.000 Y=10000.000 Z=2360.000), Max=(X=1000.000 Y=11000.000 Z=4360.000) RuntimeGrid:None EditorOnly:0 RuntimeOnly:0 HLODRelevant:1 ListedInSceneOutliner:1 IsMainWorldOnly:0 FolderPath:Ground FolderGuid:908D7C034B39A7BAB80D45B594445C5F
 |   |   |- [+] [ 26]
 |   |   |   |- Guid:A81DF52546E7823E1A15AB969ED958D6 BaseClass: NativeClass:/Script/NavigationSystem.NavMeshBoundsVolume Name:NavMeshBoundsVolume_UAID_00D8610A3D700EB101_1639493558 Label:NavMeshBoundsVolume SpatiallyLoaded:0 Bounds:IsValid=true, Min=(X=-1330.000 Y=1070.000 Z=4060.000), Max=(X=2670.000 Y=5070.000 Z=5060.000) RuntimeGrid:None EditorOnly:0 RuntimeOnly:0 HLODRelevant:0 ListedInSceneOutliner:1 IsMainWorldOnly:0 FolderPath:AI FolderGuid:F0FA202E4B665BD55749D3A55D1B3134
 |   |   |- [+] [ 27]
 |   |   |   |- Guid:A96A64784ACC9FCD889A9A8CA0138488 BaseClass: NativeClass:/Script/Engine.StaticMeshActor Name:StaticMeshActor_UAID_00D8610A3D700FB101_1299984740 Label:Cube21 SpatiallyLoaded:1 Bounds:IsValid=true, Min=(X=-5.000 Y=5097.500 Z=4355.000), Max=(X=745.000 Y=5122.500 Z=4505.000) RuntimeGrid:None EditorOnly:0 RuntimeOnly:0 HLODRelevant:1 ListedInSceneOutliner:1 IsMainWorldOnly:0 FolderPath:Fence FolderGuid:5AEEF691498A4002DD3AC5B56136DF2A
 |   |   |- [+] [ 28]
 |   |   |   |- Guid:A979C0DF42B0220DCD6B0FAD5DEAA3C2 BaseClass: NativeClass:/Script/Engine.StaticMeshActor Name:StaticMeshActor_UAID_00D8610A3D700FB101_1288080738 Label:Cube19 SpatiallyLoaded:1 Bounds:IsValid=true, Min=(X=-5.000 Y=1007.500 Z=4355.000), Max=(X=745.000 Y=1032.500 Z=4505.000) RuntimeGrid:None EditorOnly:0 RuntimeOnly:0 HLODRelevant:1 ListedInSceneOutliner:1 IsMainWorldOnly:0 FolderPath:Fence FolderGuid:5AEEF691498A4002DD3AC5B56136DF2A
 |   |   |- [+] [ 29]
 |   |   |   |- Guid:B30EBDB9443E221CC1A151AFE9ABD1B9 BaseClass: NativeClass:/Script/Engine.StaticMeshActor Name:StaticMeshActor_UAID_00D8610A3D70FEB001_1384331720 Label:Cube SpatiallyLoaded:1 Bounds:IsValid=true, Min=(X=0.000 Y=0.000 Z=2360.000), Max=(X=1000.000 Y=1000.000 Z=4360.000) RuntimeGrid:None EditorOnly:0 RuntimeOnly:0 HLODRelevant:1 ListedInSceneOutliner:1 IsMainWorldOnly:0 FolderPath:Ground FolderGuid:908D7C034B39A7BAB80D45B594445C5F
 |   |   |- [+] [ 30]
 |   |   |   |- Guid:B785ED2844B84CFB91E7F39FE661CD99 BaseClass: NativeClass:/Script/Engine.DirectionalLight Name:DirectionalLight_0 Label:DirectionalLight SpatiallyLoaded:0 Bounds:IsValid=true, Min=(X=-1048576.000 Y=-1048576.000 Z=-1048576.000), Max=(X=1048576.000 Y=1048576.000 Z=1048576.000) RuntimeGrid:None EditorOnly:0 RuntimeOnly:0 HLODRelevant:0 ListedInSceneOutliner:1 IsMainWorldOnly:0 FolderPath:Lighting FolderGuid:963EC3EB4002CCE9759E2EBA541A873A
 |   |   |- [+] [ 31]
 |   |   |   |- Guid:BB4F45A144FBE2D1116E76889A14B4C6 BaseClass: NativeClass:/Script/Engine.StaticMeshActor Name:StaticMeshActor_UAID_00D8610A3D70FFB001_1548329909 Label:Cube14 SpatiallyLoaded:1 Bounds:IsValid=true, Min=(X=1000.000 Y=5000.000 Z=2360.000), Max=(X=2000.000 Y=6000.000 Z=4360.000) RuntimeGrid:None EditorOnly:0 RuntimeOnly:0 HLODRelevant:1 ListedInSceneOutliner:1 IsMainWorldOnly:0 FolderPath:Ground FolderGuid:908D7C034B39A7BAB80D45B594445C5F
 |   |   |- [+] [ 32]
 |   |   |   |- Guid:BC08B79C4EA3C961CFF75EBBE83B367D BaseClass: NativeClass:/Script/Engine.StaticMeshActor Name:StaticMeshActor_5 Label:SM_Cube2 SpatiallyLoaded:1 Bounds:IsValid=true, Min=(X=0.000 Y=0.000 Z=2000.000), Max=(X=50000.000 Y=100.000 Z=7000.000) RuntimeGrid:None EditorOnly:0 RuntimeOnly:0 HLODRelevant:1 ListedInSceneOutliner:1 IsMainWorldOnly:0 FolderPath:Playground FolderGuid:C73F09FC4215536B1DCE2A9E0A830C70
 |   |   |- [+] [ 33]
 |   |   |   |- Guid:CADF033C478EBB41FFC7F88492BE7696 BaseClass: NativeClass:/Script/Engine.StaticMeshActor Name:StaticMeshActor_UAID_00D8610A3D70FEB001_1581525722 Label:Cube3 SpatiallyLoaded:1 Bounds:IsValid=true, Min=(X=0.000 Y=2000.000 Z=2360.000), Max=(X=1000.000 Y=3000.000 Z=4360.000) RuntimeGrid:None EditorOnly:0 RuntimeOnly:0 HLODRelevant:1 ListedInSceneOutliner:1 IsMainWorldOnly:0 FolderPath:Ground FolderGuid:908D7C034B39A7BAB80D45B594445C5F
 |   |   |- [+] [ 34]
 |   |   |   |- Guid:CB94D38748B46DE852F142BD479ADC0F BaseClass:/Game/Mortar.Mortar_C NativeClass:/Script/Engine.Actor Name:Mortar_C_UAID_00D8610A3D7010B101_1122328929 Label:Mortar SpatiallyLoaded:1 Bounds:IsValid=true, Min=(X=1356.011 Y=9118.759 Z=4359.525), Max=(X=1562.943 Y=9361.422 Z=4562.615) RuntimeGrid:None EditorOnly:0 RuntimeOnly:0 HLODRelevant:0 ListedInSceneOutliner:1 IsMainWorldOnly:0
 |   |   |- [+] [ 35]
 |   |   |   |- Guid:CCFF262C46EEFFDF319E7F9539CE697E BaseClass: NativeClass:/Script/Engine.SkyAtmosphere Name:SkyAtmosphere_0 Label:SkyAtmosphere SpatiallyLoaded:0 Bounds:IsValid=true, Min=(X=0.000 Y=0.000 Z=1020.000), Max=(X=0.000 Y=0.000 Z=1020.000) RuntimeGrid:None EditorOnly:0 RuntimeOnly:0 HLODRelevant:0 ListedInSceneOutliner:1 IsMainWorldOnly:0 FolderPath:Lighting FolderGuid:963EC3EB4002CCE9759E2EBA541A873A
 |   |   |- [+] [ 36]
 |   |   |   |- Guid:D4AA0F5642CD50C345859E96E8B6575B BaseClass: NativeClass:/Script/Engine.StaticMeshActor Name:StaticMeshActor_UAID_00D8610A3D70FFB001_1548332911 Label:Cube16 SpatiallyLoaded:1 Bounds:IsValid=true, Min=(X=1000.000 Y=7000.000 Z=2360.000), Max=(X=2000.000 Y=8000.000 Z=4360.000) RuntimeGrid:None EditorOnly:0 RuntimeOnly:0 HLODRelevant:1 ListedInSceneOutliner:1 IsMainWorldOnly:0 FolderPath:Ground FolderGuid:908D7C034B39A7BAB80D45B594445C5F
 |   |   |- [+] [ 37]
 |   |   |   |- Guid:D6BC16714F00D988D203CCA1C09DEF11 BaseClass: NativeClass:/Script/Engine.StaticMeshActor Name:StaticMeshActor_UAID_00D8610A3D700FB101_1795716747 Label:Cube27 SpatiallyLoaded:1 Bounds:IsValid=true, Min=(X=1255.000 Y=9507.500 Z=4355.000), Max=(X=2005.000 Y=9532.500 Z=4505.000) RuntimeGrid:None EditorOnly:0 RuntimeOnly:0 HLODRelevant:1 ListedInSceneOutliner:1 IsMainWorldOnly:0 FolderPath:Fence FolderGuid:5AEEF691498A4002DD3AC5B56136DF2A
 |   |   |- [+] [ 38]
 |   |   |   |- Guid:DD309EF64EF715CA944E7DA458F1008A BaseClass: NativeClass:/Script/Engine.StaticMeshActor Name:StaticMeshActor_UAID_00D8610A3D70FFB001_1548326905 Label:Cube10 SpatiallyLoaded:1 Bounds:IsValid=true, Min=(X=0.000 Y=5000.000 Z=2360.000), Max=(X=1000.000 Y=6000.000 Z=4360.000) RuntimeGrid:None EditorOnly:0 RuntimeOnly:0 HLODRelevant:1 ListedInSceneOutliner:1 IsMainWorldOnly:0 FolderPath:Ground FolderGuid:908D7C034B39A7BAB80D45B594445C5F
 |   |   |- [+] [ 39]
 |   |   |   |- Guid:DDBDDACF442D1219C4054A8562C1991C BaseClass: NativeClass:/Script/Engine.StaticMeshActor Name:StaticMeshActor_UAID_00D8610A3D700FB101_1774089746 Label:Cube26 SpatiallyLoaded:1 Bounds:IsValid=true, Min=(X=1000.000 Y=10000.000 Z=2360.000), Max=(X=2000.000 Y=11000.000 Z=4360.000) RuntimeGrid:None EditorOnly:0 RuntimeOnly:0 HLODRelevant:1 ListedInSceneOutliner:1 IsMainWorldOnly:0 FolderPath:Ground FolderGuid:908D7C034B39A7BAB80D45B594445C5F
 |   |   |- [+] [ 40]
 |   |   |   |- Guid:E1482509418829606EB63A842E7E3DA5 BaseClass: NativeClass:/Script/Engine.StaticMeshActor Name:StaticMeshActor_UAID_00D8610A3D700FB101_1774088745 Label:Cube25 SpatiallyLoaded:1 Bounds:IsValid=true, Min=(X=1000.000 Y=9000.000 Z=2360.000), Max=(X=2000.000 Y=10000.000 Z=4360.000) RuntimeGrid:None EditorOnly:0 RuntimeOnly:0 HLODRelevant:1 ListedInSceneOutliner:1 IsMainWorldOnly:0 FolderPath:Ground FolderGuid:908D7C034B39A7BAB80D45B594445C5F
 |   |   |- [+] [ 41]
 |   |   |   |- Guid:EC3E18FB4E26E2E7A6C34EB282406475 BaseClass: NativeClass:/Script/NavigationSystem.RecastNavMesh Name:RecastNavMesh_UAID_00D8610A3D700EB101-Default Label:RecastNavMesh-Default SpatiallyLoaded:0 Bounds:IsValid=true, Min=(X=0.000 Y=0.000 Z=0.000), Max=(X=0.000 Y=0.000 Z=0.000) RuntimeGrid:None EditorOnly:0 RuntimeOnly:0 HLODRelevant:0 ListedInSceneOutliner:1 IsMainWorldOnly:0 FolderPath:AI FolderGuid:F0FA202E4B665BD55749D3A55D1B3134
 |   |   |- [+] [ 42]
 |   |   |   |- Guid:EC4E0C944CE6AC6E784BC6BB2916EA13 BaseClass: NativeClass:/Script/Engine.StaticMeshActor Name:StaticMeshActor_UAID_A4AE111137DC5EFB00_1110535423 Label:SM_SkySphere SpatiallyLoaded:0 Bounds:IsValid=true, Min=(X=-12288000.000 Y=-1638400.000 Z=-201800.000), Max=(X=12288000.000 Y=1638400.000 Z=207800.000) RuntimeGrid:None EditorOnly:0 RuntimeOnly:0 HLODRelevant:1 ListedInSceneOutliner:1 IsMainWorldOnly:0 FolderPath:Lighting FolderGuid:963EC3EB4002CCE9759E2EBA541A873A
 |   |   |- [+] [ 43]
 |   |   |   |- Guid:F1924B8D48954B30891B2DB6A694F9CC BaseClass: NativeClass:/Script/Engine.StaticMeshActor Name:StaticMeshActor_1 Label:SM_Cube SpatiallyLoaded:1 Bounds:IsValid=true, Min=(X=-1500.000 Y=-1500.000 Z=0.000), Max=(X=63500.000 Y=63500.000 Z=2000.000) RuntimeGrid:None EditorOnly:0 RuntimeOnly:0 HLODRelevant:1 ListedInSceneOutliner:1 IsMainWorldOnly:0 FolderPath:Playground FolderGuid:C73F09FC4215536B1DCE2A9E0A830C70
 |   |   |- [+] [ 44]
 |   |   |   |- Guid:F5E3FEB3450C49844FD93DA8E083C8AD BaseClass: NativeClass:/Script/Engine.PostProcessVolume Name:PostProcessVolume_0 Label:PostProcessVolume SpatiallyLoaded:0 Bounds:IsValid=true, Min=(X=0.000 Y=0.000 Z=400.000), Max=(X=200.000 Y=200.000 Z=600.000) RuntimeGrid:None EditorOnly:0 RuntimeOnly:0 HLODRelevant:0 ListedInSceneOutliner:1 IsMainWorldOnly:0 FolderPath:Lighting FolderGuid:963EC3EB4002CCE9759E2EBA541A873A
 |   |   |- [+] [ 45]
 |   |   |   |- Guid:FA7E3A9A4341A810C3933C8B387FCF73 BaseClass: NativeClass:/Script/Engine.StaticMeshActor Name:StaticMeshActor_UAID_00D8610A3D700FB101_1774087744 Label:Cube24 SpatiallyLoaded:1 Bounds:IsValid=true, Min=(X=1000.000 Y=8000.000 Z=2360.000), Max=(X=2000.000 Y=9000.000 Z=4360.000) RuntimeGrid:None EditorOnly:0 RuntimeOnly:0 HLODRelevant:1 ListedInSceneOutliner:1 IsMainWorldOnly:0 FolderPath:Ground FolderGuid:908D7C034B39A7BAB80D45B594445C5F
 |   |   |- [+] [ 46]
 |   |   |   |- Guid:FF698C67459ADB4982D7759C0905EE9F BaseClass: NativeClass:/Script/Engine.StaticMeshActor Name:StaticMeshActor_6 Label:SM_Cube3 SpatiallyLoaded:1 Bounds:IsValid=true, Min=(X=0.000 Y=50000.000 Z=2000.000), Max=(X=50000.000 Y=50100.000 Z=7000.000) RuntimeGrid:None EditorOnly:0 RuntimeOnly:0 HLODRelevant:1 ListedInSceneOutliner:1 IsMainWorldOnly:0 FolderPath:Playground FolderGuid:C73F09FC4215536B1DCE2A9E0A830C70
 |- ContainerInstances:
 |- [+] MainContainer:
 |   |-        ID: 00000000000000000000000000000000
 |   |-  ParentID: 00000000000000000000000000000000
 |   |-    Bounds: IsValid=false, Min=(X=0.000 Y=0.000 Z=0.000), Max=(X=0.000 Y=0.000 Z=0.000)
 |   |- Transform: 0.000000,0.000000,0.000000|0.000000,0.000000,-0.000000|1.000000,1.000000,1.000000
 |   |- Container: /Game/ThirdPerson/Maps/ThirdPersonMap
----------------------------------------------------------------------------------------------------------------
ThirdPersonMap - Persistent Level
----------------------------------------------------------------------------------------------------------------
[+] Content of ThirdPersonMap Persistent Level
 |- Always loaded Actor Count: 54 
 |- Actor Path: /Game/ThirdPerson/Maps/ThirdPersonMap.ThirdPersonMap:PersistentLevel.AbstractNavData-Default
 |- Actor Package: /Game/ThirdPerson/Maps/ThirdPersonMap
 |- Actor Path: /Game/ThirdPerson/Maps/ThirdPersonMap.ThirdPersonMap:PersistentLevel.Brush_0
 |- Actor Package: /Game/ThirdPerson/Maps/ThirdPersonMap
 |- Actor Path: /Game/ThirdPerson/Maps/ThirdPersonMap.ThirdPersonMap:PersistentLevel.DefaultPhysicsVolume_0
 |- Actor Package: /Game/ThirdPerson/Maps/ThirdPersonMap
 |- Actor Path: /Game/ThirdPerson/Maps/ThirdPersonMap.ThirdPersonMap:PersistentLevel.DirectionalLight_0
 |- Actor Package: /Game/__ExternalActors__/ThirdPerson/Maps/ThirdPersonMap/5/R1/TS5OQ5CRUWFZYL1ZQ7I416
 |- Actor Path: /Game/ThirdPerson/Maps/ThirdPersonMap.ThirdPersonMap:PersistentLevel.ExponentialHeightFog_0
 |- Actor Package: /Game/__ExternalActors__/ThirdPerson/Maps/ThirdPersonMap/6/J7/N10XDC9G27EMLS5AGZ6AVV
 |- Actor Path: /Game/ThirdPerson/Maps/ThirdPersonMap.ThirdPersonMap:PersistentLevel.GameplayDebuggerPlayerManager_0
 |- Actor Package: /Game/ThirdPerson/Maps/ThirdPersonMap
 |- Actor Path: /Game/ThirdPerson/Maps/ThirdPersonMap.ThirdPersonMap:PersistentLevel.Mortar_C_UAID_00D8610A3D7010B101_1122328929
 |- Actor Package: /Game/__ExternalActors__/ThirdPerson/Maps/ThirdPersonMap/D/YE/09HTD5UKWTKEC59CCRDREN
 |- Actor Path: /Game/ThirdPerson/Maps/ThirdPersonMap.ThirdPersonMap:PersistentLevel.NavMeshBoundsVolume_UAID_00D8610A3D700EB101_1639493558
 |- Actor Package: /Game/__ExternalActors__/ThirdPerson/Maps/ThirdPersonMap/3/5H/F1EKHZ0GQRQEJM4LO3M557
 |- Actor Path: /Game/ThirdPerson/Maps/ThirdPersonMap.ThirdPersonMap:PersistentLevel.PlayerStart_0
 |- Actor Package: /Game/__ExternalActors__/ThirdPerson/Maps/ThirdPersonMap/D/DE/SWSI13675DVYIZ0N4NF7Y3
 |- Actor Path: /Game/ThirdPerson/Maps/ThirdPersonMap.ThirdPersonMap:PersistentLevel.PostProcessVolume_0
 |- Actor Package: /Game/__ExternalActors__/ThirdPerson/Maps/ThirdPersonMap/1/AZ/A7GPT109Y6ZTTJD4A7TXER
 |- Actor Path: /Game/ThirdPerson/Maps/ThirdPersonMap.ThirdPersonMap:PersistentLevel.PursuerAI_C_UAID_00D8610A3D700EB101_1392182556
 |- Actor Package: /Game/__ExternalActors__/ThirdPerson/Maps/ThirdPersonMap/1/KT/5KALH9YXLLCI87N0UDITTT
 |- Actor Path: /Game/ThirdPerson/Maps/ThirdPersonMap.ThirdPersonMap:PersistentLevel.RecastNavMesh_UAID_00D8610A3D700EB101-Default
 |- Actor Package: /Game/__ExternalActors__/ThirdPerson/Maps/ThirdPersonMap/6/OH/4THCOWUYQDMX403FF4RMA4
 |- Actor Path: /Game/ThirdPerson/Maps/ThirdPersonMap.ThirdPersonMap:PersistentLevel.SkyAtmosphere_0
 |- Actor Package: /Game/__ExternalActors__/ThirdPerson/Maps/ThirdPersonMap/4/LN/30UBDLYFFA5ZR7U4W4L4GG
 |- Actor Path: /Game/ThirdPerson/Maps/ThirdPersonMap.ThirdPersonMap:PersistentLevel.SkyLight_1
 |- Actor Package: /Game/__ExternalActors__/ThirdPerson/Maps/ThirdPersonMap/8/S1/DXUWD12MD3HRWVVXX076BY
 |- Actor Path: /Game/ThirdPerson/Maps/ThirdPersonMap.ThirdPersonMap:PersistentLevel.StaticMeshActor_0
 |- Actor Package: /Game/__ExternalActors__/ThirdPerson/Maps/ThirdPersonMap/A/MS/MRHJREJ6H7USQYWF1KO8F6
 |- Actor Path: /Game/ThirdPerson/Maps/ThirdPersonMap.ThirdPersonMap:PersistentLevel.StaticMeshActor_1
 |- Actor Package: /Game/__ExternalActors__/ThirdPerson/Maps/ThirdPersonMap/6/YO/NG2R9BPZVA7ZDN0Z4VSTG6
 |- Actor Path: /Game/ThirdPerson/Maps/ThirdPersonMap.ThirdPersonMap:PersistentLevel.StaticMeshActor_4
 |- Actor Package: /Game/__ExternalActors__/ThirdPerson/Maps/ThirdPersonMap/5/9Q/U98KGKQ41NJYFOGFQM8ZDY
 |- Actor Path: /Game/ThirdPerson/Maps/ThirdPersonMap.ThirdPersonMap:PersistentLevel.StaticMeshActor_5
 |- Actor Package: /Game/__ExternalActors__/ThirdPerson/Maps/ThirdPersonMap/C/QF/BY1DA5CRGQSAMOTK8RA8KR
 |- Actor Path: /Game/ThirdPerson/Maps/ThirdPersonMap.ThirdPersonMap:PersistentLevel.StaticMeshActor_6
 |- Actor Package: /Game/__ExternalActors__/ThirdPerson/Maps/ThirdPersonMap/D/0G/JNKFA4X9LRMSF343ESPF6Q
 |- Actor Path: /Game/ThirdPerson/Maps/ThirdPersonMap.ThirdPersonMap:PersistentLevel.StaticMeshActor_UAID_00D8610A3D700FB101_1211767736
 |- Actor Package: /Game/__ExternalActors__/ThirdPerson/Maps/ThirdPersonMap/3/Q0/VYLFWM6YL8OJESNYF4USUD
 |- Actor Path: /Game/ThirdPerson/Maps/ThirdPersonMap.ThirdPersonMap:PersistentLevel.StaticMeshActor_UAID_00D8610A3D700FB101_1288080738
 |- Actor Package: /Game/__ExternalActors__/ThirdPerson/Maps/ThirdPersonMap/1/3I/EW7SFZSZGXYXK3NZQZ8O9Y
 |- Actor Path: /Game/ThirdPerson/Maps/ThirdPersonMap.ThirdPersonMap:PersistentLevel.StaticMeshActor_UAID_00D8610A3D700FB101_1299982739
 |- Actor Package: /Game/__ExternalActors__/ThirdPerson/Maps/ThirdPersonMap/3/LU/6R4IBY2TEVVFY7B5UEAXUV
 |- Actor Path: /Game/ThirdPerson/Maps/ThirdPersonMap.ThirdPersonMap:PersistentLevel.StaticMeshActor_UAID_00D8610A3D700FB101_1299984740
 |- Actor Package: /Game/__ExternalActors__/ThirdPerson/Maps/ThirdPersonMap/B/GC/79VSX5QPZ7CZAU6379HF0Q
 |- Actor Path: /Game/ThirdPerson/Maps/ThirdPersonMap.ThirdPersonMap:PersistentLevel.StaticMeshActor_UAID_00D8610A3D700FB101_1774078741
 |- Actor Package: /Game/__ExternalActors__/ThirdPerson/Maps/ThirdPersonMap/B/SZ/8GOL3IVPZAZDDTU1LBP6GB
 |- Actor Path: /Game/ThirdPerson/Maps/ThirdPersonMap.ThirdPersonMap:PersistentLevel.StaticMeshActor_UAID_00D8610A3D700FB101_1774083742
 |- Actor Package: /Game/__ExternalActors__/ThirdPerson/Maps/ThirdPersonMap/4/AU/S2CS4S0UMHYO4IW4RS8JB9
 |- Actor Path: /Game/ThirdPerson/Maps/ThirdPersonMap.ThirdPersonMap:PersistentLevel.StaticMeshActor_UAID_00D8610A3D700FB101_1774085743
 |- Actor Package: /Game/__ExternalActors__/ThirdPerson/Maps/ThirdPersonMap/4/6V/70NMYAI1QSQMSY9V13I9JI
 |- Actor Path: /Game/ThirdPerson/Maps/ThirdPersonMap.ThirdPersonMap:PersistentLevel.StaticMeshActor_UAID_00D8610A3D700FB101_1774087744
 |- Actor Package: /Game/__ExternalActors__/ThirdPerson/Maps/ThirdPersonMap/D/X4/EPZEIZX9P7IS49NTYXSGJ6
 |- Actor Path: /Game/ThirdPerson/Maps/ThirdPersonMap.ThirdPersonMap:PersistentLevel.StaticMeshActor_UAID_00D8610A3D700FB101_1774088745
 |- Actor Package: /Game/__ExternalActors__/ThirdPerson/Maps/ThirdPersonMap/7/HH/ZV4TQSBDNPX6I3G0R9H7I6
 |- Actor Path: /Game/ThirdPerson/Maps/ThirdPersonMap.ThirdPersonMap:PersistentLevel.StaticMeshActor_UAID_00D8610A3D700FB101_1774089746
 |- Actor Package: /Game/__ExternalActors__/ThirdPerson/Maps/ThirdPersonMap/C/YK/Y3SM7HBV3WASDFAMRDX402
 |- Actor Path: /Game/ThirdPerson/Maps/ThirdPersonMap.ThirdPersonMap:PersistentLevel.StaticMeshActor_UAID_00D8610A3D700FB101_1795716747
 |- Actor Package: /Game/__ExternalActors__/ThirdPerson/Maps/ThirdPersonMap/3/VO/TPMSKCY9ZD8NYERHI9WRJW
 |- Actor Path: /Game/ThirdPerson/Maps/ThirdPersonMap.ThirdPersonMap:PersistentLevel.StaticMeshActor_UAID_00D8610A3D700FB101_1795718748
 |- Actor Package: /Game/__ExternalActors__/ThirdPerson/Maps/ThirdPersonMap/C/1H/NG8X739KZ02D72AD172J8S
 |- Actor Path: /Game/ThirdPerson/Maps/ThirdPersonMap.ThirdPersonMap:PersistentLevel.StaticMeshActor_UAID_00D8610A3D70FEB001_1384331720
 |- Actor Package: /Game/__ExternalActors__/ThirdPerson/Maps/ThirdPersonMap/4/LM/46IPGFS6A9KTO351Z07NWY
 |- Actor Path: /Game/ThirdPerson/Maps/ThirdPersonMap.ThirdPersonMap:PersistentLevel.StaticMeshActor_UAID_00D8610A3D70FEB001_1563633721
 |- Actor Package: /Game/__ExternalActors__/ThirdPerson/Maps/ThirdPersonMap/4/0E/1EIT1JGAGTPPAPXX4KY7PJ
 |- Actor Path: /Game/ThirdPerson/Maps/ThirdPersonMap.ThirdPersonMap:PersistentLevel.StaticMeshActor_UAID_00D8610A3D70FEB001_1581525722
 |- Actor Package: /Game/__ExternalActors__/ThirdPerson/Maps/ThirdPersonMap/3/LH/G6V6BFYJHHP45YUAZ9X1J3
 |- Actor Path: /Game/ThirdPerson/Maps/ThirdPersonMap.ThirdPersonMap:PersistentLevel.StaticMeshActor_UAID_00D8610A3D70FEB001_1581526723
 |- Actor Package: /Game/__ExternalActors__/ThirdPerson/Maps/ThirdPersonMap/1/K5/X6O5M9YOBULKL3UIR3WTY2
 |- Actor Path: /Game/ThirdPerson/Maps/ThirdPersonMap.ThirdPersonMap:PersistentLevel.StaticMeshActor_UAID_00D8610A3D70FEB001_1597647724
 |- Actor Package: /Game/__ExternalActors__/ThirdPerson/Maps/ThirdPersonMap/9/NY/7J50I2CO686IIJGAUFL701
 |- Actor Path: /Game/ThirdPerson/Maps/ThirdPersonMap.ThirdPersonMap:PersistentLevel.StaticMeshActor_UAID_00D8610A3D70FEB001_1597649725
 |- Actor Package: /Game/__ExternalActors__/ThirdPerson/Maps/ThirdPersonMap/B/JS/E6DA9VUXZHS8R2KEJXBTKD
 |- Actor Path: /Game/ThirdPerson/Maps/ThirdPersonMap.ThirdPersonMap:PersistentLevel.StaticMeshActor_UAID_00D8610A3D70FEB001_1597650726
 |- Actor Package: /Game/__ExternalActors__/ThirdPerson/Maps/ThirdPersonMap/5/BE/NWMBI123RMGRL8D1ZX3X2F
 |- Actor Path: /Game/ThirdPerson/Maps/ThirdPersonMap.ThirdPersonMap:PersistentLevel.StaticMeshActor_UAID_00D8610A3D70FEB001_1597651727
 |- Actor Package: /Game/__ExternalActors__/ThirdPerson/Maps/ThirdPersonMap/6/FN/OHLA5Z1B3LBI2NGYKZR94N
 |- Actor Path: /Game/ThirdPerson/Maps/ThirdPersonMap.ThirdPersonMap:PersistentLevel.StaticMeshActor_UAID_00D8610A3D70FFB001_1548324904
 |- Actor Package: /Game/__ExternalActors__/ThirdPerson/Maps/ThirdPersonMap/2/09/B949BDVDX5KY8BIYGTGYEO
 |- Actor Path: /Game/ThirdPerson/Maps/ThirdPersonMap.ThirdPersonMap:PersistentLevel.StaticMeshActor_UAID_00D8610A3D70FFB001_1548326905
 |- Actor Package: /Game/__ExternalActors__/ThirdPerson/Maps/ThirdPersonMap/1/DG/J5IFJFHV6TJLM66JY0D4D9
 |- Actor Path: /Game/ThirdPerson/Maps/ThirdPersonMap.ThirdPersonMap:PersistentLevel.StaticMeshActor_UAID_00D8610A3D70FFB001_1548326906
 |- Actor Package: /Game/__ExternalActors__/ThirdPerson/Maps/ThirdPersonMap/2/A7/8TFYRX5PMW9ZIFD0ILKV20
 |- Actor Path: /Game/ThirdPerson/Maps/ThirdPersonMap.ThirdPersonMap:PersistentLevel.StaticMeshActor_UAID_00D8610A3D70FFB001_1548327907
 |- Actor Package: /Game/__ExternalActors__/ThirdPerson/Maps/ThirdPersonMap/2/HV/NGM7JB8W82IEDO1BZSFZWX
 |- Actor Path: /Game/ThirdPerson/Maps/ThirdPersonMap.ThirdPersonMap:PersistentLevel.StaticMeshActor_UAID_00D8610A3D70FFB001_1548328908
 |- Actor Package: /Game/__ExternalActors__/ThirdPerson/Maps/ThirdPersonMap/D/22/8HTS81DY6SLEP618QW5P9H
 |- Actor Path: /Game/ThirdPerson/Maps/ThirdPersonMap.ThirdPersonMap:PersistentLevel.StaticMeshActor_UAID_00D8610A3D70FFB001_1548329909
 |- Actor Package: /Game/__ExternalActors__/ThirdPerson/Maps/ThirdPersonMap/E/40/BPUUIOA7T2P582MX9YG90X
 |- Actor Path: /Game/ThirdPerson/Maps/ThirdPersonMap.ThirdPersonMap:PersistentLevel.StaticMeshActor_UAID_00D8610A3D70FFB001_1548331910
 |- Actor Package: /Game/__ExternalActors__/ThirdPerson/Maps/ThirdPersonMap/2/WH/BIB0248BVBHGMV3NHVTL3D
 |- Actor Path: /Game/ThirdPerson/Maps/ThirdPersonMap.ThirdPersonMap:PersistentLevel.StaticMeshActor_UAID_00D8610A3D70FFB001_1548332911
 |- Actor Package: /Game/__ExternalActors__/ThirdPerson/Maps/ThirdPersonMap/7/BZ/J1LLM3GL98N3GOWWVYQZ59
 |- Actor Path: /Game/ThirdPerson/Maps/ThirdPersonMap.ThirdPersonMap:PersistentLevel.StaticMeshActor_UAID_A4AE111137DC5EFB00_1110535423
 |- Actor Package: /Game/__ExternalActors__/ThirdPerson/Maps/ThirdPersonMap/4/PN/2QISIGK5DJNQ05US8O8FXW
 |- Actor Path: /Game/ThirdPerson/Maps/ThirdPersonMap.ThirdPersonMap:PersistentLevel.TextRenderActor_1
 |- Actor Package: /Game/__ExternalActors__/ThirdPerson/Maps/ThirdPersonMap/1/WU/NB37RT5Q32Z8MJWD8BD2SO
 |- Actor Path: /Game/ThirdPerson/Maps/ThirdPersonMap.ThirdPersonMap:PersistentLevel.ThirdPersonExampleMap_C_0
 |- Actor Package: /Game/ThirdPerson/Maps/ThirdPersonMap
 |- Actor Path: /Game/ThirdPerson/Maps/ThirdPersonMap.ThirdPersonMap:PersistentLevel.VolumetricCloud_0
 |- Actor Package: /Game/__ExternalActors__/ThirdPerson/Maps/ThirdPersonMap/3/EY/87SHEJN5UBEAN2K5OV1G6R
 |- Actor Path: /Game/ThirdPerson/Maps/ThirdPersonMap.ThirdPersonMap:PersistentLevel.WorldDataLayers
 |- Actor Package: /Game/__ExternalActors__/ThirdPerson/Maps/ThirdPersonMap/0/43/HYQWORMY4JDQ5X3OKZXFLC
 |- Actor Path: /Game/ThirdPerson/Maps/ThirdPersonMap.ThirdPersonMap:PersistentLevel.WorldInfo_0
 |- Actor Package: /Game/ThirdPerson/Maps/ThirdPersonMap
 |- Actor Path: /Game/ThirdPerson/Maps/ThirdPersonMap.ThirdPersonMap:PersistentLevel.WorldPartitionMiniMap_0
 |- Actor Package: /Game/__ExternalActors__/ThirdPerson/Maps/ThirdPersonMap/E/FR/LBG6LPN5JCL3FMVSI2CK6R

----------------------------------------------------------------------------------------------------------------
ThirdPersonMap - Runtime Spatial Hash - Streaming Grid - MainGrid
----------------------------------------------------------------------------------------------------------------
            Origin: X=0.000 Y=0.000 Z=0.000
         Cell Size: 12800
      World Bounds: IsValid=false, Min=(X=0.000 Y=0.000 Z=0.000), Max=(X=0.000 Y=0.000 Z=0.000)
     Loading Range: 25600.00
Block Slow Loading: No
 ClientOnlyVisible: No
            Origin: X=0.000 Y=0.000 Z=0.000

[+] Grid Levels: 1
 |- Level  0: Cell Count    0 | Cell Size   12800 | Actor Count    0 (0.0%)

[+] Content of Grid Level 0

